<?xml version="1.0" encoding="utf-8"?><testsuites name="pytest tests"><testsuite name="pytest" errors="0" failures="0" skipped="0" tests="29" time="5.247" timestamp="2026-04-16T16:07:19.076520+00:00" hostname="agent-env-1f7389c4-b376-4045-b45b-8d420f0de381"><testcase classname="backend.tests.test_entity_mapping_api.TestHealthAndRoot" name="test_api_root" time="0.270" /><testcase classname="backend.tests.test_entity_mapping_api.TestFundsEndpoint" name="test_get_funds_returns_list" time="0.185" /><testcase classname="backend.tests.test_entity_mapping_api.TestFundsEndpoint" name="test_get_funds_count" time="0.127" /><testcase classname="backend.tests.test_entity_mapping_api.TestFundsEndpoint" name="test_fund_structure" time="0.144" /><testcase classname="backend.tests.test_entity_mapping_api.TestFundsEndpoint" name="test_fund_i_exists" time="0.147" /><testcase classname="backend.tests.test_entity_mapping_api.TestEntitiesEndpoint" name="test_get_entities_returns_paginated_list" time="0.146" /><testcase classname="backend.tests.test_entity_mapping_api.TestEntitiesEndpoint" name="test_entities_total_count" time="0.107" /><testcase classname="backend.tests.test_entity_mapping_api.TestEntitiesEndpoint" name="test_search_entities_by_name" time="0.147" /><testcase classname="backend.tests.test_entity_mapping_api.TestEntitiesEndpoint" name="test_filter_by_jurisdiction" time="0.268" /><testcase classname="backend.tests.test_entity_mapping_api.TestEntitiesEndpoint" name="test_filter_by_entity_type" time="0.114" /><testcase classname="backend.tests.test_entity_mapping_api.TestEntitiesEndpoint" name="test_filter_by_fund_id" time="0.183" /><testcase classname="backend.tests.test_entity_mapping_api.TestEntitiesEndpoint" name="test_entity_structure" time="0.151" /><testcase classname="backend.tests.test_entity_mapping_api.TestEntityFiltersEndpoint" name="test_get_filters" time="0.228" /><testcase classname="backend.tests.test_entity_mapping_api.TestEntityFiltersEndpoint" name="test_jurisdictions_not_empty" time="0.134" /><testcase classname="backend.tests.test_entity_mapping_api.TestEntityFiltersEndpoint" name="test_entity_types_not_empty" time="0.183" /><testcase classname="backend.tests.test_entity_mapping_api.TestEntityDetailEndpoint" name="test_get_entity_by_id" time="0.140" /><testcase classname="backend.tests.test_entity_mapping_api.TestEntityDetailEndpoint" name="test_entity_detail_fields" time="0.140" /><testcase classname="backend.tests.test_entity_mapping_api.TestEntityDetailEndpoint" name="test_entity_with_symbologies" time="0.214" /><testcase classname="backend.tests.test_entity_mapping_api.TestEntityDetailEndpoint" name="test_get_nonexistent_entity" time="0.106" /><testcase classname="backend.tests.test_entity_mapping_api.TestFundTreeEndpoint" name="test_get_fund_tree_structure" time="0.224" /><testcase classname="backend.tests.test_entity_mapping_api.TestFundTreeEndpoint" name="test_fund_i_tree_node_count" time="0.222" /><testcase classname="backend.tests.test_entity_mapping_api.TestFundTreeEndpoint" name="test_fund_i_tree_edge_count" time="0.135" /><testcase classname="backend.tests.test_entity_mapping_api.TestFundTreeEndpoint" name="test_fund_i_fund_name" time="0.167" /><testcase classname="backend.tests.test_entity_mapping_api.TestFundTreeEndpoint" name="test_node_structure" time="0.199" /><testcase classname="backend.tests.test_entity_mapping_api.TestFundTreeEndpoint" name="test_edge_structure" time="0.189" /><testcase classname="backend.tests.test_entity_mapping_api.TestFundTreeEndpoint" name="test_ownership_percentage_format" time="0.161" /><testcase classname="backend.tests.test_entity_mapping_api.TestFundTreeEndpoint" name="test_relation_types" time="0.225" /><testcase classname="backend.tests.test_entity_mapping_api.TestFundTreeEndpoint" name="test_top_of_structure_node_exists" time="0.250" /><testcase classname="backend.tests.test_entity_mapping_api.TestFundTreeEndpoint" name="test_invalid_fund_returns_empty_tree" time="0.152" /></testsuite></testsuites>