<?xml version="1.0" encoding="utf-8"?><testsuites name="pytest tests"><testsuite name="pytest" errors="0" failures="0" skipped="0" tests="39" time="7.629" timestamp="2026-04-17T08:43:10.601365+00:00" hostname="agent-env-1f7389c4-b376-4045-b45b-8d420f0de381"><testcase classname="backend.tests.test_entity_mapping_api.TestHealthAndRoot" name="test_api_root" time="0.140" /><testcase classname="backend.tests.test_entity_mapping_api.TestFundsEndpoint" name="test_get_funds_returns_list" time="0.142" /><testcase classname="backend.tests.test_entity_mapping_api.TestFundsEndpoint" name="test_get_funds_count" time="0.105" /><testcase classname="backend.tests.test_entity_mapping_api.TestFundsEndpoint" name="test_fund_structure" time="0.108" /><testcase classname="backend.tests.test_entity_mapping_api.TestFundsEndpoint" name="test_fund_i_exists" time="0.106" /><testcase classname="backend.tests.test_entity_mapping_api.TestEntitiesEndpoint" name="test_get_entities_returns_paginated_list" time="0.104" /><testcase classname="backend.tests.test_entity_mapping_api.TestEntitiesEndpoint" name="test_entities_total_count" time="0.098" /><testcase classname="backend.tests.test_entity_mapping_api.TestEntitiesEndpoint" name="test_search_entities_by_name" time="0.101" /><testcase classname="backend.tests.test_entity_mapping_api.TestEntitiesEndpoint" name="test_filter_by_jurisdiction" time="0.106" /><testcase classname="backend.tests.test_entity_mapping_api.TestEntitiesEndpoint" name="test_filter_by_entity_type" time="0.106" /><testcase classname="backend.tests.test_entity_mapping_api.TestEntitiesEndpoint" name="test_filter_by_fund_id" time="0.126" /><testcase classname="backend.tests.test_entity_mapping_api.TestEntitiesEndpoint" name="test_entity_structure" time="0.137" /><testcase classname="backend.tests.test_entity_mapping_api.TestEntityFiltersEndpoint" name="test_get_filters" time="0.096" /><testcase classname="backend.tests.test_entity_mapping_api.TestEntityFiltersEndpoint" name="test_jurisdictions_not_empty" time="0.107" /><testcase classname="backend.tests.test_entity_mapping_api.TestEntityFiltersEndpoint" name="test_entity_types_not_empty" time="0.105" /><testcase classname="backend.tests.test_entity_mapping_api.TestEntityDetailEndpoint" name="test_get_entity_by_id" time="0.103" /><testcase classname="backend.tests.test_entity_mapping_api.TestEntityDetailEndpoint" name="test_entity_detail_fields" time="0.093" /><testcase classname="backend.tests.test_entity_mapping_api.TestEntityDetailEndpoint" name="test_entity_with_symbologies" time="0.092" /><testcase classname="backend.tests.test_entity_mapping_api.TestEntityDetailEndpoint" name="test_get_nonexistent_entity" time="0.099" /><testcase classname="backend.tests.test_entity_mapping_api.TestFundTreeEndpoint" name="test_get_fund_tree_structure" time="0.180" /><testcase classname="backend.tests.test_entity_mapping_api.TestFundTreeEndpoint" name="test_fund_i_tree_node_count" time="0.133" /><testcase classname="backend.tests.test_entity_mapping_api.TestFundTreeEndpoint" name="test_fund_i_tree_edge_count" time="0.137" /><testcase classname="backend.tests.test_entity_mapping_api.TestFundTreeEndpoint" name="test_fund_i_fund_name" time="0.129" /><testcase classname="backend.tests.test_entity_mapping_api.TestFundTreeEndpoint" name="test_node_structure" time="0.140" /><testcase classname="backend.tests.test_entity_mapping_api.TestFundTreeEndpoint" name="test_edge_structure" time="0.131" /><testcase classname="backend.tests.test_entity_mapping_api.TestFundTreeEndpoint" name="test_ownership_percentage_format" time="0.144" /><testcase classname="backend.tests.test_entity_mapping_api.TestFundTreeEndpoint" name="test_relation_types" time="0.136" /><testcase classname="backend.tests.test_entity_mapping_api.TestFundTreeEndpoint" name="test_top_of_structure_node_exists" time="0.128" /><testcase classname="backend.tests.test_entity_mapping_api.TestFundTreeEndpoint" name="test_invalid_fund_returns_empty_tree" time="0.101" /><testcase classname="backend.tests.test_upload_api.TestUploadEndpoint" name="test_upload_valid_csv_files" time="0.369" /><testcase classname="backend.tests.test_upload_api.TestUploadEndpoint" name="test_upload_missing_entity_master" time="0.153" /><testcase classname="backend.tests.test_upload_api.TestUploadEndpoint" name="test_upload_missing_entity_relations" time="0.377" /><testcase classname="backend.tests.test_upload_api.TestUploadEndpoint" name="test_upload_empty_entity_master" time="0.138" /><testcase classname="backend.tests.test_upload_api.TestUploadEndpoint" name="test_upload_missing_required_columns_entity_master" time="0.305" /><testcase classname="backend.tests.test_upload_api.TestUploadEndpoint" name="test_upload_missing_required_columns_entity_relations" time="0.180" /><testcase classname="backend.tests.test_upload_api.TestUploadEndpoint" name="test_upload_empty_entity_relations" time="0.175" /><testcase classname="backend.tests.test_upload_api.TestUploadDataPersistence" name="test_data_persists_after_upload" time="0.991" /><testcase classname="backend.tests.test_upload_api.TestUploadDataPersistence" name="test_fund_tree_works_after_upload" time="0.698" /><testcase classname="backend.tests.test_upload_api.TestUploadWithMinimalValidData" name="test_upload_minimal_valid_data" time="0.730" /></testsuite></testsuites>